Build started 1/24/2013 11:34:40 PM.
     1>Project "C:\Users\daniel\Google Drive\Current Classes\CSC 161\Accounting Assignment\Accounting Assignment\Accounting Assignment.vcxproj" on node 2 (build target(s)).
     1>InitializeBuildStatus:
         Touching "Debug\Accounting Assignment.unsuccessfulbuild".
       ClCompile:
         C:\Program Files (x86)\Microsoft Visual Studio 10.0\VC\bin\CL.exe /c /ZI /nologo /W3 /WX- /Od /Oy- /D _MBCS /Gm /EHsc /RTC1 /MDd /GS /fp:precise /Zc:wchar_t /Zc:forScope /Fo"Debug\\" /Fd"Debug\vc100.pdb" /Gd /TP /analyze- /errorReport:prompt driver.cpp statistics.cpp
         statistics.cpp
         driver.cpp
         Generating Code...
       Link:
         C:\Program Files (x86)\Microsoft Visual Studio 10.0\VC\bin\link.exe /ERRORREPORT:PROMPT /OUT:"C:\Users\daniel\Google Drive\Current Classes\CSC 161\Accounting Assignment\Debug\Accounting Assignment.exe" /NOLOGO kernel32.lib user32.lib gdi32.lib winspool.lib comdlg32.lib advapi32.lib shell32.lib ole32.lib oleaut32.lib uuid.lib odbc32.lib odbccp32.lib /MANIFEST /ManifestFile:"Debug\Accounting Assignment.exe.intermediate.manifest" /MANIFESTUAC:"level='asInvoker' uiAccess='false'" /DEBUG /PDB:"C:\Users\daniel\Google Drive\Current Classes\CSC 161\Accounting Assignment\Debug\Accounting Assignment.pdb" /TLBID:1 /DYNAMICBASE /NXCOMPAT /IMPLIB:"C:\Users\daniel\Google Drive\Current Classes\CSC 161\Accounting Assignment\Debug\Accounting Assignment.lib" /MACHINE:X86 Debug\menu.obj
         Debug\statistics.obj
         Debug\driver.obj
         LINK : C:\Users\daniel\Google Drive\Current Classes\CSC 161\Accounting Assignment\Debug\Accounting Assignment.exe not found or not built by the last incremental link; performing full link
         Accounting Assignment.vcxproj -> C:\Users\daniel\Google Drive\Current Classes\CSC 161\Accounting Assignment\Debug\Accounting Assignment.exe
       Manifest:
         c:\Program Files (x86)\Microsoft SDKs\Windows\v7.0A\bin\mt.exe /nologo /verbose /outputresource:"C:\Users\daniel\Google Drive\Current Classes\CSC 161\Accounting Assignment\Debug\Accounting Assignment.exe;#1" /manifest "Debug\Accounting Assignment.exe.intermediate.manifest"
       FinalizeBuildStatus:
         Deleting file "Debug\Accounting Assignment.unsuccessfulbuild".
         Touching "Debug\Accounting Assignment.lastbuildstate".
     1>Done Building Project "C:\Users\daniel\Google Drive\Current Classes\CSC 161\Accounting Assignment\Accounting Assignment\Accounting Assignment.vcxproj" (build target(s)).

Build succeeded.

Time Elapsed 00:00:01.33
